<?xml version="1.0" encoding="UTF-8"?>
<!-- Generated by org.testng.reporters.JUnitReportReporter -->
<testsuite skipped="0" hostname="THBSMTPLPT-0114" name="scripts.BrowseAmazon" tests="1" failures="0" timestamp="06 Jan 2020 10:21:31 GMT" time="7.368" errors="0">
  <testcase name="getPriceOfIphoneXRYellowFromAmazon" time="7.368" classname="scripts.BrowseAmazon"/>
</testsuite> <!-- scripts.BrowseAmazon -->
