<?xml version="1.0" encoding="UTF-8"?>
<!-- Generated by org.testng.reporters.JUnitReportReporter -->
<testsuite skipped="0" hostname="THBSMTPLPT-0114" name="scripts.PriceOfIphoneXR" tests="2" failures="0" timestamp="07 Jan 2020 09:45:14 GMT" time="26.009" errors="0">
  <testcase name="getPriceOfIphoneXRYellowFromFlipKart" time="12.602" classname="scripts.PriceOfIphoneXR"/>
  <testcase name="getPriceOfIphoneXRYellowFromAmazon" time="13.407" classname="scripts.PriceOfIphoneXR"/>
</testsuite> <!-- scripts.PriceOfIphoneXR -->
